[  0%] Built target dynamic_reconfigure_gencfg
[  0%] Built target actionlib_generate_messages_py
[  0%] Built target actionlib_generate_messages_nodejs
[  0%] Built target actionlib_generate_messages_lisp
[  0%] Built target actionlib_generate_messages_eus
[  0%] Built target actionlib_msgs_generate_messages_py
[  0%] Built target actionlib_msgs_generate_messages_lisp
[  0%] Built target actionlib_msgs_generate_messages_eus
[  0%] Built target actionlib_msgs_generate_messages_cpp
[  0%] Built target tf2_msgs_generate_messages_nodejs
[  0%] Built target tf2_msgs_generate_messages_py
[  0%] Built target tf2_msgs_generate_messages_lisp
[  0%] Built target tf2_msgs_generate_messages_eus
[  0%] Built target tf2_msgs_generate_messages_cpp
[  0%] Built target rosgraph_msgs_generate_messages_nodejs
[  0%] Built target rosgraph_msgs_generate_messages_py
[  0%] Built target std_msgs_generate_messages_eus
[  0%] Built target rosgraph_msgs_generate_messages_lisp
[  0%] Built target geometry_msgs_generate_messages_cpp
[  0%] Built target _syropod_highlevel_controller_generate_messages_check_deps_LegState
[  0%] Built target _syropod_highlevel_controller_generate_messages_check_deps_TipState
[  0%] Built target std_msgs_generate_messages_cpp
[  0%] Built target _syropod_highlevel_controller_generate_messages_check_deps_TargetTipPose
[  0%] Built target sensor_msgs_generate_messages_cpp
[  0%] Built target rosgraph_msgs_generate_messages_eus
[  0%] Built target dynamic_reconfigure_generate_messages_nodejs
[  0%] Built target roscpp_generate_messages_py
[  0%] Built target std_msgs_generate_messages_py
[  0%] Built target geometry_msgs_generate_messages_eus
[  0%] Built target roscpp_generate_messages_nodejs
[  0%] Built target roscpp_generate_messages_eus
[  0%] Built target roscpp_generate_messages_lisp
[  3%] Built target syropod_highlevel_controller_gencfg
[  3%] Built target actionlib_msgs_generate_messages_nodejs
[  3%] Built target geometry_msgs_generate_messages_nodejs
[  3%] Built target sensor_msgs_generate_messages_py
[  3%] Built target std_msgs_generate_messages_lisp
[  3%] Built target sensor_msgs_generate_messages_eus
[  3%] Built target std_msgs_generate_messages_nodejs
[  3%] Built target dynamic_reconfigure_generate_messages_eus
[  3%] Built target sensor_msgs_generate_messages_lisp
[  3%] Built target actionlib_generate_messages_cpp
[  3%] Built target roscpp_generate_messages_cpp
[  3%] Built target sensor_msgs_generate_messages_nodejs
[  3%] Built target geometry_msgs_generate_messages_lisp
[  3%] Built target geometry_msgs_generate_messages_py
[  3%] Built target dynamic_reconfigure_generate_messages_py
[  3%] Built target rosgraph_msgs_generate_messages_cpp
[  3%] Built target dynamic_reconfigure_generate_messages_cpp
[  3%] Built target dynamic_reconfigure_generate_messages_lisp
[ 19%] Built target syropod_highlevel_controller_generate_messages_py
[ 30%] Built target syropod_highlevel_controller_generate_messages_nodejs
[ 42%] Built target syropod_highlevel_controller_generate_messages_lisp
[ 57%] Built target syropod_highlevel_controller_generate_messages_eus
[ 69%] Built target syropod_highlevel_controller_generate_messages_cpp
[100%] Built target syropod_highlevel_controller_node
[100%] Built target syropod_highlevel_controller_generate_messages
