Symlinking /home/tylerjgroome/CaveX/CaveX2023/openshc_ws/devel/lib/python2.7/dist-packages/syropod_highlevel_controller/__init__.py
Symlinking /home/tylerjgroome/CaveX/CaveX2023/openshc_ws/devel/lib/python2.7/dist-packages/syropod_highlevel_controller/msg/_LegState.py
Symlinking /home/tylerjgroome/CaveX/CaveX2023/openshc_ws/devel/lib/python2.7/dist-packages/syropod_highlevel_controller/msg/__init__.py
Symlinking /home/tylerjgroome/CaveX/CaveX2023/openshc_ws/devel/lib/python2.7/dist-packages/syropod_highlevel_controller/msg/_TipState.py
Symlinking /home/tylerjgroome/CaveX/CaveX2023/openshc_ws/devel/lib/python2.7/dist-packages/syropod_highlevel_controller/msg/_TargetTipPose.py
Symlinking /home/tylerjgroome/CaveX/CaveX2023/openshc_ws/devel/lib/python2.7/dist-packages/syropod_highlevel_controller/cfg/__init__.py
Symlinking /home/tylerjgroome/CaveX/CaveX2023/openshc_ws/devel/lib/python2.7/dist-packages/syropod_highlevel_controller/cfg/DynamicConfig.py
Symlinking /home/tylerjgroome/CaveX/CaveX2023/openshc_ws/devel/lib/pkgconfig/syropod_highlevel_controller.pc
Symlinking /home/tylerjgroome/CaveX/CaveX2023/openshc_ws/devel/lib/syropod_highlevel_controller/syropod_highlevel_controller_node
Symlinking /home/tylerjgroome/CaveX/CaveX2023/openshc_ws/devel/include/syropod_highlevel_controller/DynamicConfig.h
Symlinking /home/tylerjgroome/CaveX/CaveX2023/openshc_ws/devel/include/syropod_highlevel_controller/TipState.h
Symlinking /home/tylerjgroome/CaveX/CaveX2023/openshc_ws/devel/include/syropod_highlevel_controller/TargetTipPose.h
Symlinking /home/tylerjgroome/CaveX/CaveX2023/openshc_ws/devel/include/syropod_highlevel_controller/LegState.h
Symlinking /home/tylerjgroome/CaveX/CaveX2023/openshc_ws/devel/share/gennodejs/ros/syropod_highlevel_controller/_index.js
Symlinking /home/tylerjgroome/CaveX/CaveX2023/openshc_ws/devel/share/gennodejs/ros/syropod_highlevel_controller/msg/TargetTipPose.js
Symlinking /home/tylerjgroome/CaveX/CaveX2023/openshc_ws/devel/share/gennodejs/ros/syropod_highlevel_controller/msg/LegState.js
Symlinking /home/tylerjgroome/CaveX/CaveX2023/openshc_ws/devel/share/gennodejs/ros/syropod_highlevel_controller/msg/TipState.js
Symlinking /home/tylerjgroome/CaveX/CaveX2023/openshc_ws/devel/share/gennodejs/ros/syropod_highlevel_controller/msg/_index.js
Symlinking /home/tylerjgroome/CaveX/CaveX2023/openshc_ws/devel/share/syropod_highlevel_controller/docs/DynamicConfig-usage.dox
Symlinking /home/tylerjgroome/CaveX/CaveX2023/openshc_ws/devel/share/syropod_highlevel_controller/docs/DynamicConfig.wikidoc
Symlinking /home/tylerjgroome/CaveX/CaveX2023/openshc_ws/devel/share/syropod_highlevel_controller/docs/DynamicConfig.dox
Symlinking /home/tylerjgroome/CaveX/CaveX2023/openshc_ws/devel/share/syropod_highlevel_controller/cmake/syropod_highlevel_controller-msg-extras.cmake
Symlinking /home/tylerjgroome/CaveX/CaveX2023/openshc_ws/devel/share/syropod_highlevel_controller/cmake/syropod_highlevel_controller-msg-paths.cmake
Symlinking /home/tylerjgroome/CaveX/CaveX2023/openshc_ws/devel/share/syropod_highlevel_controller/cmake/syropod_highlevel_controllerConfig.cmake
Symlinking /home/tylerjgroome/CaveX/CaveX2023/openshc_ws/devel/share/syropod_highlevel_controller/cmake/syropod_highlevel_controllerConfig-version.cmake
Symlinking /home/tylerjgroome/CaveX/CaveX2023/openshc_ws/devel/share/common-lisp/ros/syropod_highlevel_controller/msg/LegState.lisp
Symlinking /home/tylerjgroome/CaveX/CaveX2023/openshc_ws/devel/share/common-lisp/ros/syropod_highlevel_controller/msg/_package.lisp
Symlinking /home/tylerjgroome/CaveX/CaveX2023/openshc_ws/devel/share/common-lisp/ros/syropod_highlevel_controller/msg/_package_LegState.lisp
Symlinking /home/tylerjgroome/CaveX/CaveX2023/openshc_ws/devel/share/common-lisp/ros/syropod_highlevel_controller/msg/TipState.lisp
Symlinking /home/tylerjgroome/CaveX/CaveX2023/openshc_ws/devel/share/common-lisp/ros/syropod_highlevel_controller/msg/_package_TipState.lisp
Symlinking /home/tylerjgroome/CaveX/CaveX2023/openshc_ws/devel/share/common-lisp/ros/syropod_highlevel_controller/msg/syropod_highlevel_controller-msg.asd
Symlinking /home/tylerjgroome/CaveX/CaveX2023/openshc_ws/devel/share/common-lisp/ros/syropod_highlevel_controller/msg/TargetTipPose.lisp
Symlinking /home/tylerjgroome/CaveX/CaveX2023/openshc_ws/devel/share/common-lisp/ros/syropod_highlevel_controller/msg/_package_TargetTipPose.lisp
Symlinking /home/tylerjgroome/CaveX/CaveX2023/openshc_ws/devel/share/roseus/ros/syropod_highlevel_controller/manifest.l
Symlinking /home/tylerjgroome/CaveX/CaveX2023/openshc_ws/devel/share/roseus/ros/syropod_highlevel_controller/msg/TargetTipPose.l
Symlinking /home/tylerjgroome/CaveX/CaveX2023/openshc_ws/devel/share/roseus/ros/syropod_highlevel_controller/msg/TipState.l
Symlinking /home/tylerjgroome/CaveX/CaveX2023/openshc_ws/devel/share/roseus/ros/syropod_highlevel_controller/msg/LegState.l
