Linked: (/home/tylerjgroome/CaveX/CaveX2023/openshc_ws/devel/.private/syropod_highlevel_controller/lib/python2.7/dist-packages/syropod_highlevel_controller/__init__.py, /home/tylerjgroome/CaveX/CaveX2023/openshc_ws/devel/lib/python2.7/dist-packages/syropod_highlevel_controller/__init__.py)
Linked: (/home/tylerjgroome/CaveX/CaveX2023/openshc_ws/devel/.private/syropod_highlevel_controller/lib/python2.7/dist-packages/syropod_highlevel_controller/msg/_LegState.py, /home/tylerjgroome/CaveX/CaveX2023/openshc_ws/devel/lib/python2.7/dist-packages/syropod_highlevel_controller/msg/_LegState.py)
Linked: (/home/tylerjgroome/CaveX/CaveX2023/openshc_ws/devel/.private/syropod_highlevel_controller/lib/python2.7/dist-packages/syropod_highlevel_controller/msg/__init__.py, /home/tylerjgroome/CaveX/CaveX2023/openshc_ws/devel/lib/python2.7/dist-packages/syropod_highlevel_controller/msg/__init__.py)
Linked: (/home/tylerjgroome/CaveX/CaveX2023/openshc_ws/devel/.private/syropod_highlevel_controller/lib/python2.7/dist-packages/syropod_highlevel_controller/msg/_TipState.py, /home/tylerjgroome/CaveX/CaveX2023/openshc_ws/devel/lib/python2.7/dist-packages/syropod_highlevel_controller/msg/_TipState.py)
Linked: (/home/tylerjgroome/CaveX/CaveX2023/openshc_ws/devel/.private/syropod_highlevel_controller/lib/python2.7/dist-packages/syropod_highlevel_controller/msg/_TargetTipPose.py, /home/tylerjgroome/CaveX/CaveX2023/openshc_ws/devel/lib/python2.7/dist-packages/syropod_highlevel_controller/msg/_TargetTipPose.py)
Linked: (/home/tylerjgroome/CaveX/CaveX2023/openshc_ws/devel/.private/syropod_highlevel_controller/lib/python2.7/dist-packages/syropod_highlevel_controller/cfg/__init__.py, /home/tylerjgroome/CaveX/CaveX2023/openshc_ws/devel/lib/python2.7/dist-packages/syropod_highlevel_controller/cfg/__init__.py)
Linked: (/home/tylerjgroome/CaveX/CaveX2023/openshc_ws/devel/.private/syropod_highlevel_controller/lib/python2.7/dist-packages/syropod_highlevel_controller/cfg/DynamicConfig.py, /home/tylerjgroome/CaveX/CaveX2023/openshc_ws/devel/lib/python2.7/dist-packages/syropod_highlevel_controller/cfg/DynamicConfig.py)
Linked: (/home/tylerjgroome/CaveX/CaveX2023/openshc_ws/devel/.private/syropod_highlevel_controller/lib/pkgconfig/syropod_highlevel_controller.pc, /home/tylerjgroome/CaveX/CaveX2023/openshc_ws/devel/lib/pkgconfig/syropod_highlevel_controller.pc)
Linked: (/home/tylerjgroome/CaveX/CaveX2023/openshc_ws/devel/.private/syropod_highlevel_controller/lib/syropod_highlevel_controller/syropod_highlevel_controller_node, /home/tylerjgroome/CaveX/CaveX2023/openshc_ws/devel/lib/syropod_highlevel_controller/syropod_highlevel_controller_node)
Linked: (/home/tylerjgroome/CaveX/CaveX2023/openshc_ws/devel/.private/syropod_highlevel_controller/include/syropod_highlevel_controller/DynamicConfig.h, /home/tylerjgroome/CaveX/CaveX2023/openshc_ws/devel/include/syropod_highlevel_controller/DynamicConfig.h)
Linked: (/home/tylerjgroome/CaveX/CaveX2023/openshc_ws/devel/.private/syropod_highlevel_controller/include/syropod_highlevel_controller/TipState.h, /home/tylerjgroome/CaveX/CaveX2023/openshc_ws/devel/include/syropod_highlevel_controller/TipState.h)
Linked: (/home/tylerjgroome/CaveX/CaveX2023/openshc_ws/devel/.private/syropod_highlevel_controller/include/syropod_highlevel_controller/TargetTipPose.h, /home/tylerjgroome/CaveX/CaveX2023/openshc_ws/devel/include/syropod_highlevel_controller/TargetTipPose.h)
Linked: (/home/tylerjgroome/CaveX/CaveX2023/openshc_ws/devel/.private/syropod_highlevel_controller/include/syropod_highlevel_controller/LegState.h, /home/tylerjgroome/CaveX/CaveX2023/openshc_ws/devel/include/syropod_highlevel_controller/LegState.h)
Linked: (/home/tylerjgroome/CaveX/CaveX2023/openshc_ws/devel/.private/syropod_highlevel_controller/share/gennodejs/ros/syropod_highlevel_controller/_index.js, /home/tylerjgroome/CaveX/CaveX2023/openshc_ws/devel/share/gennodejs/ros/syropod_highlevel_controller/_index.js)
Linked: (/home/tylerjgroome/CaveX/CaveX2023/openshc_ws/devel/.private/syropod_highlevel_controller/share/gennodejs/ros/syropod_highlevel_controller/msg/TargetTipPose.js, /home/tylerjgroome/CaveX/CaveX2023/openshc_ws/devel/share/gennodejs/ros/syropod_highlevel_controller/msg/TargetTipPose.js)
Linked: (/home/tylerjgroome/CaveX/CaveX2023/openshc_ws/devel/.private/syropod_highlevel_controller/share/gennodejs/ros/syropod_highlevel_controller/msg/LegState.js, /home/tylerjgroome/CaveX/CaveX2023/openshc_ws/devel/share/gennodejs/ros/syropod_highlevel_controller/msg/LegState.js)
Linked: (/home/tylerjgroome/CaveX/CaveX2023/openshc_ws/devel/.private/syropod_highlevel_controller/share/gennodejs/ros/syropod_highlevel_controller/msg/TipState.js, /home/tylerjgroome/CaveX/CaveX2023/openshc_ws/devel/share/gennodejs/ros/syropod_highlevel_controller/msg/TipState.js)
Linked: (/home/tylerjgroome/CaveX/CaveX2023/openshc_ws/devel/.private/syropod_highlevel_controller/share/gennodejs/ros/syropod_highlevel_controller/msg/_index.js, /home/tylerjgroome/CaveX/CaveX2023/openshc_ws/devel/share/gennodejs/ros/syropod_highlevel_controller/msg/_index.js)
Linked: (/home/tylerjgroome/CaveX/CaveX2023/openshc_ws/devel/.private/syropod_highlevel_controller/share/syropod_highlevel_controller/docs/DynamicConfig-usage.dox, /home/tylerjgroome/CaveX/CaveX2023/openshc_ws/devel/share/syropod_highlevel_controller/docs/DynamicConfig-usage.dox)
Linked: (/home/tylerjgroome/CaveX/CaveX2023/openshc_ws/devel/.private/syropod_highlevel_controller/share/syropod_highlevel_controller/docs/DynamicConfig.wikidoc, /home/tylerjgroome/CaveX/CaveX2023/openshc_ws/devel/share/syropod_highlevel_controller/docs/DynamicConfig.wikidoc)
Linked: (/home/tylerjgroome/CaveX/CaveX2023/openshc_ws/devel/.private/syropod_highlevel_controller/share/syropod_highlevel_controller/docs/DynamicConfig.dox, /home/tylerjgroome/CaveX/CaveX2023/openshc_ws/devel/share/syropod_highlevel_controller/docs/DynamicConfig.dox)
Linked: (/home/tylerjgroome/CaveX/CaveX2023/openshc_ws/devel/.private/syropod_highlevel_controller/share/syropod_highlevel_controller/cmake/syropod_highlevel_controller-msg-extras.cmake, /home/tylerjgroome/CaveX/CaveX2023/openshc_ws/devel/share/syropod_highlevel_controller/cmake/syropod_highlevel_controller-msg-extras.cmake)
Linked: (/home/tylerjgroome/CaveX/CaveX2023/openshc_ws/devel/.private/syropod_highlevel_controller/share/syropod_highlevel_controller/cmake/syropod_highlevel_controller-msg-paths.cmake, /home/tylerjgroome/CaveX/CaveX2023/openshc_ws/devel/share/syropod_highlevel_controller/cmake/syropod_highlevel_controller-msg-paths.cmake)
Linked: (/home/tylerjgroome/CaveX/CaveX2023/openshc_ws/devel/.private/syropod_highlevel_controller/share/syropod_highlevel_controller/cmake/syropod_highlevel_controllerConfig.cmake, /home/tylerjgroome/CaveX/CaveX2023/openshc_ws/devel/share/syropod_highlevel_controller/cmake/syropod_highlevel_controllerConfig.cmake)
Linked: (/home/tylerjgroome/CaveX/CaveX2023/openshc_ws/devel/.private/syropod_highlevel_controller/share/syropod_highlevel_controller/cmake/syropod_highlevel_controllerConfig-version.cmake, /home/tylerjgroome/CaveX/CaveX2023/openshc_ws/devel/share/syropod_highlevel_controller/cmake/syropod_highlevel_controllerConfig-version.cmake)
Linked: (/home/tylerjgroome/CaveX/CaveX2023/openshc_ws/devel/.private/syropod_highlevel_controller/share/common-lisp/ros/syropod_highlevel_controller/msg/LegState.lisp, /home/tylerjgroome/CaveX/CaveX2023/openshc_ws/devel/share/common-lisp/ros/syropod_highlevel_controller/msg/LegState.lisp)
Linked: (/home/tylerjgroome/CaveX/CaveX2023/openshc_ws/devel/.private/syropod_highlevel_controller/share/common-lisp/ros/syropod_highlevel_controller/msg/_package.lisp, /home/tylerjgroome/CaveX/CaveX2023/openshc_ws/devel/share/common-lisp/ros/syropod_highlevel_controller/msg/_package.lisp)
Linked: (/home/tylerjgroome/CaveX/CaveX2023/openshc_ws/devel/.private/syropod_highlevel_controller/share/common-lisp/ros/syropod_highlevel_controller/msg/_package_LegState.lisp, /home/tylerjgroome/CaveX/CaveX2023/openshc_ws/devel/share/common-lisp/ros/syropod_highlevel_controller/msg/_package_LegState.lisp)
Linked: (/home/tylerjgroome/CaveX/CaveX2023/openshc_ws/devel/.private/syropod_highlevel_controller/share/common-lisp/ros/syropod_highlevel_controller/msg/TipState.lisp, /home/tylerjgroome/CaveX/CaveX2023/openshc_ws/devel/share/common-lisp/ros/syropod_highlevel_controller/msg/TipState.lisp)
Linked: (/home/tylerjgroome/CaveX/CaveX2023/openshc_ws/devel/.private/syropod_highlevel_controller/share/common-lisp/ros/syropod_highlevel_controller/msg/_package_TipState.lisp, /home/tylerjgroome/CaveX/CaveX2023/openshc_ws/devel/share/common-lisp/ros/syropod_highlevel_controller/msg/_package_TipState.lisp)
Linked: (/home/tylerjgroome/CaveX/CaveX2023/openshc_ws/devel/.private/syropod_highlevel_controller/share/common-lisp/ros/syropod_highlevel_controller/msg/syropod_highlevel_controller-msg.asd, /home/tylerjgroome/CaveX/CaveX2023/openshc_ws/devel/share/common-lisp/ros/syropod_highlevel_controller/msg/syropod_highlevel_controller-msg.asd)
Linked: (/home/tylerjgroome/CaveX/CaveX2023/openshc_ws/devel/.private/syropod_highlevel_controller/share/common-lisp/ros/syropod_highlevel_controller/msg/TargetTipPose.lisp, /home/tylerjgroome/CaveX/CaveX2023/openshc_ws/devel/share/common-lisp/ros/syropod_highlevel_controller/msg/TargetTipPose.lisp)
Linked: (/home/tylerjgroome/CaveX/CaveX2023/openshc_ws/devel/.private/syropod_highlevel_controller/share/common-lisp/ros/syropod_highlevel_controller/msg/_package_TargetTipPose.lisp, /home/tylerjgroome/CaveX/CaveX2023/openshc_ws/devel/share/common-lisp/ros/syropod_highlevel_controller/msg/_package_TargetTipPose.lisp)
Linked: (/home/tylerjgroome/CaveX/CaveX2023/openshc_ws/devel/.private/syropod_highlevel_controller/share/roseus/ros/syropod_highlevel_controller/manifest.l, /home/tylerjgroome/CaveX/CaveX2023/openshc_ws/devel/share/roseus/ros/syropod_highlevel_controller/manifest.l)
Linked: (/home/tylerjgroome/CaveX/CaveX2023/openshc_ws/devel/.private/syropod_highlevel_controller/share/roseus/ros/syropod_highlevel_controller/msg/TargetTipPose.l, /home/tylerjgroome/CaveX/CaveX2023/openshc_ws/devel/share/roseus/ros/syropod_highlevel_controller/msg/TargetTipPose.l)
Linked: (/home/tylerjgroome/CaveX/CaveX2023/openshc_ws/devel/.private/syropod_highlevel_controller/share/roseus/ros/syropod_highlevel_controller/msg/TipState.l, /home/tylerjgroome/CaveX/CaveX2023/openshc_ws/devel/share/roseus/ros/syropod_highlevel_controller/msg/TipState.l)
Linked: (/home/tylerjgroome/CaveX/CaveX2023/openshc_ws/devel/.private/syropod_highlevel_controller/share/roseus/ros/syropod_highlevel_controller/msg/LegState.l, /home/tylerjgroome/CaveX/CaveX2023/openshc_ws/devel/share/roseus/ros/syropod_highlevel_controller/msg/LegState.l)
