[35m[1mScanning dependencies of target dynamic_reconfigure_gencfg[0m
[  0%] Built target dynamic_reconfigure_gencfg
[35m[1mScanning dependencies of target actionlib_generate_messages_py[0m
[  0%] Built target actionlib_generate_messages_py
[35m[1mScanning dependencies of target actionlib_generate_messages_nodejs[0m
[  0%] Built target actionlib_generate_messages_nodejs
[35m[1mScanning dependencies of target actionlib_generate_messages_lisp[0m
[  0%] Built target actionlib_generate_messages_lisp
[35m[1mScanning dependencies of target actionlib_generate_messages_eus[0m
[  0%] Built target actionlib_generate_messages_eus
[35m[1mScanning dependencies of target actionlib_msgs_generate_messages_py[0m
[  0%] Built target actionlib_msgs_generate_messages_py
[35m[1mScanning dependencies of target actionlib_msgs_generate_messages_lisp[0m
[  0%] Built target actionlib_msgs_generate_messages_lisp
[35m[1mScanning dependencies of target actionlib_msgs_generate_messages_eus[0m
[  0%] Built target actionlib_msgs_generate_messages_eus
[35m[1mScanning dependencies of target actionlib_msgs_generate_messages_cpp[0m
[  0%] Built target actionlib_msgs_generate_messages_cpp
[35m[1mScanning dependencies of target tf2_msgs_generate_messages_nodejs[0m
[  0%] Built target tf2_msgs_generate_messages_nodejs
[35m[1mScanning dependencies of target tf2_msgs_generate_messages_py[0m
[  0%] Built target tf2_msgs_generate_messages_py
[35m[1mScanning dependencies of target tf2_msgs_generate_messages_lisp[0m
[  0%] Built target tf2_msgs_generate_messages_lisp
[35m[1mScanning dependencies of target tf2_msgs_generate_messages_eus[0m
[  0%] Built target tf2_msgs_generate_messages_eus
[35m[1mScanning dependencies of target tf2_msgs_generate_messages_cpp[0m
[  0%] Built target tf2_msgs_generate_messages_cpp
[35m[1mScanning dependencies of target rosgraph_msgs_generate_messages_nodejs[0m
[  0%] Built target rosgraph_msgs_generate_messages_nodejs
[35m[1mScanning dependencies of target rosgraph_msgs_generate_messages_py[0m
[  0%] Built target rosgraph_msgs_generate_messages_py
[35m[1mScanning dependencies of target std_msgs_generate_messages_eus[0m
[  0%] Built target std_msgs_generate_messages_eus
[35m[1mScanning dependencies of target rosgraph_msgs_generate_messages_lisp[0m
[  0%] Built target rosgraph_msgs_generate_messages_lisp
[35m[1mScanning dependencies of target geometry_msgs_generate_messages_cpp[0m
[  0%] Built target geometry_msgs_generate_messages_cpp
[35m[1mScanning dependencies of target _syropod_highlevel_controller_generate_messages_check_deps_LegState[0m
[  0%] Built target _syropod_highlevel_controller_generate_messages_check_deps_LegState
[35m[1mScanning dependencies of target _syropod_highlevel_controller_generate_messages_check_deps_TipState[0m
[  0%] Built target _syropod_highlevel_controller_generate_messages_check_deps_TipState
[35m[1mScanning dependencies of target std_msgs_generate_messages_cpp[0m
[  0%] Built target std_msgs_generate_messages_cpp
[35m[1mScanning dependencies of target _syropod_highlevel_controller_generate_messages_check_deps_TargetTipPose[0m
[  0%] Built target _syropod_highlevel_controller_generate_messages_check_deps_TargetTipPose
[35m[1mScanning dependencies of target sensor_msgs_generate_messages_cpp[0m
[  0%] Built target sensor_msgs_generate_messages_cpp
[35m[1mScanning dependencies of target rosgraph_msgs_generate_messages_eus[0m
[  0%] Built target rosgraph_msgs_generate_messages_eus
[35m[1mScanning dependencies of target dynamic_reconfigure_generate_messages_nodejs[0m
[  0%] Built target dynamic_reconfigure_generate_messages_nodejs
[35m[1mScanning dependencies of target roscpp_generate_messages_py[0m
[  0%] Built target roscpp_generate_messages_py
[35m[1mScanning dependencies of target std_msgs_generate_messages_py[0m
[  0%] Built target std_msgs_generate_messages_py
[35m[1mScanning dependencies of target geometry_msgs_generate_messages_eus[0m
[  0%] Built target geometry_msgs_generate_messages_eus
[35m[1mScanning dependencies of target roscpp_generate_messages_nodejs[0m
[  0%] Built target roscpp_generate_messages_nodejs
[35m[1mScanning dependencies of target roscpp_generate_messages_eus[0m
[  0%] Built target roscpp_generate_messages_eus
[35m[1mScanning dependencies of target roscpp_generate_messages_lisp[0m
[  0%] Built target roscpp_generate_messages_lisp
[35m[1mScanning dependencies of target syropod_highlevel_controller_gencfg[0m
[  3%] [34m[1mGenerating dynamic reconfigure files from config/Dynamic.cfg: /home/tylerjgroome/CaveX/CaveX2023/openshc_ws/devel/.private/syropod_highlevel_controller/include/syropod_highlevel_controller/DynamicConfig.h /home/tylerjgroome/CaveX/CaveX2023/openshc_ws/devel/.private/syropod_highlevel_controller/lib/python2.7/dist-packages/syropod_highlevel_controller/cfg/DynamicConfig.py[0m
Generating reconfiguration files for Dynamic in syropod_highlevel_controller
Wrote header file in /home/tylerjgroome/CaveX/CaveX2023/openshc_ws/devel/.private/syropod_highlevel_controller/include/syropod_highlevel_controller/DynamicConfig.h
[  3%] Built target syropod_highlevel_controller_gencfg
[35m[1mScanning dependencies of target actionlib_msgs_generate_messages_nodejs[0m
[  3%] Built target actionlib_msgs_generate_messages_nodejs
[35m[1mScanning dependencies of target geometry_msgs_generate_messages_nodejs[0m
[  3%] Built target geometry_msgs_generate_messages_nodejs
[35m[1mScanning dependencies of target sensor_msgs_generate_messages_py[0m
[  3%] Built target sensor_msgs_generate_messages_py
[35m[1mScanning dependencies of target std_msgs_generate_messages_lisp[0m
[  3%] Built target std_msgs_generate_messages_lisp
[35m[1mScanning dependencies of target sensor_msgs_generate_messages_eus[0m
[  3%] Built target sensor_msgs_generate_messages_eus
[35m[1mScanning dependencies of target std_msgs_generate_messages_nodejs[0m
[  3%] Built target std_msgs_generate_messages_nodejs
[35m[1mScanning dependencies of target dynamic_reconfigure_generate_messages_eus[0m
[  3%] Built target dynamic_reconfigure_generate_messages_eus
[35m[1mScanning dependencies of target sensor_msgs_generate_messages_lisp[0m
[  3%] Built target sensor_msgs_generate_messages_lisp
[35m[1mScanning dependencies of target actionlib_generate_messages_cpp[0m
[  3%] Built target actionlib_generate_messages_cpp
[35m[1mScanning dependencies of target roscpp_generate_messages_cpp[0m
[  3%] Built target roscpp_generate_messages_cpp
[35m[1mScanning dependencies of target sensor_msgs_generate_messages_nodejs[0m
[  3%] Built target sensor_msgs_generate_messages_nodejs
[35m[1mScanning dependencies of target geometry_msgs_generate_messages_lisp[0m
[  3%] Built target geometry_msgs_generate_messages_lisp
[35m[1mScanning dependencies of target geometry_msgs_generate_messages_py[0m
[  3%] Built target geometry_msgs_generate_messages_py
[35m[1mScanning dependencies of target dynamic_reconfigure_generate_messages_py[0m
[  3%] Built target dynamic_reconfigure_generate_messages_py
[35m[1mScanning dependencies of target rosgraph_msgs_generate_messages_cpp[0m
[  3%] Built target rosgraph_msgs_generate_messages_cpp
[35m[1mScanning dependencies of target dynamic_reconfigure_generate_messages_cpp[0m
[  3%] Built target dynamic_reconfigure_generate_messages_cpp
[35m[1mScanning dependencies of target dynamic_reconfigure_generate_messages_lisp[0m
[  3%] Built target dynamic_reconfigure_generate_messages_lisp
[35m[1mScanning dependencies of target syropod_highlevel_controller_generate_messages_py[0m
[  7%] [34m[1mGenerating Python from MSG syropod_highlevel_controller/TipState[0m
[ 11%] [34m[1mGenerating Python from MSG syropod_highlevel_controller/LegState[0m
[ 15%] [34m[1mGenerating Python from MSG syropod_highlevel_controller/TargetTipPose[0m
[ 19%] [34m[1mGenerating Python msg __init__.py for syropod_highlevel_controller[0m
[ 19%] Built target syropod_highlevel_controller_generate_messages_py
[35m[1mScanning dependencies of target syropod_highlevel_controller_generate_messages_nodejs[0m
[ 23%] [34m[1mGenerating Javascript code from syropod_highlevel_controller/TipState.msg[0m
[ 26%] [34m[1mGenerating Javascript code from syropod_highlevel_controller/LegState.msg[0m
[ 30%] [34m[1mGenerating Javascript code from syropod_highlevel_controller/TargetTipPose.msg[0m
[ 30%] Built target syropod_highlevel_controller_generate_messages_nodejs
[35m[1mScanning dependencies of target syropod_highlevel_controller_generate_messages_lisp[0m
[ 34%] [34m[1mGenerating Lisp code from syropod_highlevel_controller/TipState.msg[0m
[ 38%] [34m[1mGenerating Lisp code from syropod_highlevel_controller/LegState.msg[0m
[ 42%] [34m[1mGenerating Lisp code from syropod_highlevel_controller/TargetTipPose.msg[0m
[ 42%] Built target syropod_highlevel_controller_generate_messages_lisp
[35m[1mScanning dependencies of target syropod_highlevel_controller_generate_messages_eus[0m
[ 46%] [34m[1mGenerating EusLisp code from syropod_highlevel_controller/TipState.msg[0m
[ 50%] [34m[1mGenerating EusLisp code from syropod_highlevel_controller/LegState.msg[0m
[ 53%] [34m[1mGenerating EusLisp code from syropod_highlevel_controller/TargetTipPose.msg[0m
[ 57%] [34m[1mGenerating EusLisp manifest code for syropod_highlevel_controller[0m
[ 57%] Built target syropod_highlevel_controller_generate_messages_eus
[35m[1mScanning dependencies of target syropod_highlevel_controller_generate_messages_cpp[0m
[ 61%] [34m[1mGenerating C++ code from syropod_highlevel_controller/TipState.msg[0m
[ 65%] [34m[1mGenerating C++ code from syropod_highlevel_controller/LegState.msg[0m
[ 69%] [34m[1mGenerating C++ code from syropod_highlevel_controller/TargetTipPose.msg[0m
[ 69%] Built target syropod_highlevel_controller_generate_messages_cpp
[35m[1mScanning dependencies of target syropod_highlevel_controller_node[0m
[ 73%] [32mBuilding CXX object CMakeFiles/syropod_highlevel_controller_node.dir/src/admittance_controller.cpp.o[0m
[ 76%] [32mBuilding CXX object CMakeFiles/syropod_highlevel_controller_node.dir/src/debug_visualiser.cpp.o[0m
[ 80%] [32mBuilding CXX object CMakeFiles/syropod_highlevel_controller_node.dir/src/main.cpp.o[0m
[ 84%] [32mBuilding CXX object CMakeFiles/syropod_highlevel_controller_node.dir/src/model.cpp.o[0m
[ 88%] [32mBuilding CXX object CMakeFiles/syropod_highlevel_controller_node.dir/src/pose_controller.cpp.o[0m
[ 92%] [32mBuilding CXX object CMakeFiles/syropod_highlevel_controller_node.dir/src/state_controller.cpp.o[0m
[ 96%] [32mBuilding CXX object CMakeFiles/syropod_highlevel_controller_node.dir/src/walk_controller.cpp.o[0m
[100%] [32m[1mLinking CXX executable /home/tylerjgroome/CaveX/CaveX2023/openshc_ws/devel/.private/syropod_highlevel_controller/lib/syropod_highlevel_controller/syropod_highlevel_controller_node[0m
[100%] Built target syropod_highlevel_controller_node
[35m[1mScanning dependencies of target syropod_highlevel_controller_generate_messages[0m
[100%] Built target syropod_highlevel_controller_generate_messages
