Symlinking /home/tylerjgroome/CaveX/CaveX2023/openshc_ws/devel/lib/libdynamixel_interface.so
Symlinking /home/tylerjgroome/CaveX/CaveX2023/openshc_ws/devel/lib/python2.7/dist-packages/dynamixel_interface/__init__.py
Symlinking /home/tylerjgroome/CaveX/CaveX2023/openshc_ws/devel/lib/python2.7/dist-packages/dynamixel_interface/msg/_DataPort.py
Symlinking /home/tylerjgroome/CaveX/CaveX2023/openshc_ws/devel/lib/python2.7/dist-packages/dynamixel_interface/msg/_ServoDiag.py
Symlinking /home/tylerjgroome/CaveX/CaveX2023/openshc_ws/devel/lib/python2.7/dist-packages/dynamixel_interface/msg/__init__.py
Symlinking /home/tylerjgroome/CaveX/CaveX2023/openshc_ws/devel/lib/python2.7/dist-packages/dynamixel_interface/msg/_DataPorts.py
Symlinking /home/tylerjgroome/CaveX/CaveX2023/openshc_ws/devel/lib/python2.7/dist-packages/dynamixel_interface/msg/_ServoDiags.py
Symlinking /home/tylerjgroome/CaveX/CaveX2023/openshc_ws/devel/lib/pkgconfig/dynamixel_interface.pc
Symlinking /home/tylerjgroome/CaveX/CaveX2023/openshc_ws/devel/lib/dynamixel_interface/dynamixel_interface_controller_node
Symlinking /home/tylerjgroome/CaveX/CaveX2023/openshc_ws/devel/include/dynamixel_interface/ServoDiag.h
Symlinking /home/tylerjgroome/CaveX/CaveX2023/openshc_ws/devel/include/dynamixel_interface/ServoDiags.h
Symlinking /home/tylerjgroome/CaveX/CaveX2023/openshc_ws/devel/include/dynamixel_interface/DataPort.h
Symlinking /home/tylerjgroome/CaveX/CaveX2023/openshc_ws/devel/include/dynamixel_interface/DataPorts.h
Symlinking /home/tylerjgroome/CaveX/CaveX2023/openshc_ws/devel/share/dynamixel_interface/cmake/dynamixel_interface-msg-paths.cmake
Symlinking /home/tylerjgroome/CaveX/CaveX2023/openshc_ws/devel/share/dynamixel_interface/cmake/dynamixel_interface-msg-extras.cmake
Symlinking /home/tylerjgroome/CaveX/CaveX2023/openshc_ws/devel/share/dynamixel_interface/cmake/dynamixel_interfaceConfig.cmake
Symlinking /home/tylerjgroome/CaveX/CaveX2023/openshc_ws/devel/share/dynamixel_interface/cmake/dynamixel_interfaceConfig-version.cmake
Symlinking /home/tylerjgroome/CaveX/CaveX2023/openshc_ws/devel/share/gennodejs/ros/dynamixel_interface/_index.js
Symlinking /home/tylerjgroome/CaveX/CaveX2023/openshc_ws/devel/share/gennodejs/ros/dynamixel_interface/msg/DataPort.js
Symlinking /home/tylerjgroome/CaveX/CaveX2023/openshc_ws/devel/share/gennodejs/ros/dynamixel_interface/msg/DataPorts.js
Symlinking /home/tylerjgroome/CaveX/CaveX2023/openshc_ws/devel/share/gennodejs/ros/dynamixel_interface/msg/ServoDiag.js
Symlinking /home/tylerjgroome/CaveX/CaveX2023/openshc_ws/devel/share/gennodejs/ros/dynamixel_interface/msg/_index.js
Symlinking /home/tylerjgroome/CaveX/CaveX2023/openshc_ws/devel/share/gennodejs/ros/dynamixel_interface/msg/ServoDiags.js
Symlinking /home/tylerjgroome/CaveX/CaveX2023/openshc_ws/devel/share/common-lisp/ros/dynamixel_interface/msg/ServoDiags.lisp
Symlinking /home/tylerjgroome/CaveX/CaveX2023/openshc_ws/devel/share/common-lisp/ros/dynamixel_interface/msg/_package_DataPort.lisp
Symlinking /home/tylerjgroome/CaveX/CaveX2023/openshc_ws/devel/share/common-lisp/ros/dynamixel_interface/msg/dynamixel_interface-msg.asd
Symlinking /home/tylerjgroome/CaveX/CaveX2023/openshc_ws/devel/share/common-lisp/ros/dynamixel_interface/msg/_package.lisp
Symlinking /home/tylerjgroome/CaveX/CaveX2023/openshc_ws/devel/share/common-lisp/ros/dynamixel_interface/msg/ServoDiag.lisp
Symlinking /home/tylerjgroome/CaveX/CaveX2023/openshc_ws/devel/share/common-lisp/ros/dynamixel_interface/msg/_package_DataPorts.lisp
Symlinking /home/tylerjgroome/CaveX/CaveX2023/openshc_ws/devel/share/common-lisp/ros/dynamixel_interface/msg/_package_ServoDiags.lisp
Symlinking /home/tylerjgroome/CaveX/CaveX2023/openshc_ws/devel/share/common-lisp/ros/dynamixel_interface/msg/DataPort.lisp
Symlinking /home/tylerjgroome/CaveX/CaveX2023/openshc_ws/devel/share/common-lisp/ros/dynamixel_interface/msg/DataPorts.lisp
Symlinking /home/tylerjgroome/CaveX/CaveX2023/openshc_ws/devel/share/common-lisp/ros/dynamixel_interface/msg/_package_ServoDiag.lisp
Symlinking /home/tylerjgroome/CaveX/CaveX2023/openshc_ws/devel/share/roseus/ros/dynamixel_interface/manifest.l
Symlinking /home/tylerjgroome/CaveX/CaveX2023/openshc_ws/devel/share/roseus/ros/dynamixel_interface/msg/ServoDiag.l
Symlinking /home/tylerjgroome/CaveX/CaveX2023/openshc_ws/devel/share/roseus/ros/dynamixel_interface/msg/DataPort.l
Symlinking /home/tylerjgroome/CaveX/CaveX2023/openshc_ws/devel/share/roseus/ros/dynamixel_interface/msg/ServoDiags.l
Symlinking /home/tylerjgroome/CaveX/CaveX2023/openshc_ws/devel/share/roseus/ros/dynamixel_interface/msg/DataPorts.l
