[35m[1mScanning dependencies of target _dynamixel_interface_generate_messages_check_deps_ServoDiags[0m
[  0%] Built target _dynamixel_interface_generate_messages_check_deps_ServoDiags
[35m[1mScanning dependencies of target _dynamixel_interface_generate_messages_check_deps_DataPorts[0m
[  0%] Built target _dynamixel_interface_generate_messages_check_deps_DataPorts
[35m[1mScanning dependencies of target std_msgs_generate_messages_cpp[0m
[  0%] Built target std_msgs_generate_messages_cpp
[35m[1mScanning dependencies of target sensor_msgs_generate_messages_cpp[0m
[  0%] Built target sensor_msgs_generate_messages_cpp
[35m[1mScanning dependencies of target _dynamixel_interface_generate_messages_check_deps_DataPort[0m
[  0%] Built target _dynamixel_interface_generate_messages_check_deps_DataPort
[35m[1mScanning dependencies of target _dynamixel_interface_generate_messages_check_deps_ServoDiag[0m
[  0%] Built target _dynamixel_interface_generate_messages_check_deps_ServoDiag
[35m[1mScanning dependencies of target std_msgs_generate_messages_py[0m
[  0%] Built target std_msgs_generate_messages_py
[35m[1mScanning dependencies of target sensor_msgs_generate_messages_py[0m
[  0%] Built target sensor_msgs_generate_messages_py
[35m[1mScanning dependencies of target std_msgs_generate_messages_lisp[0m
[  0%] Built target std_msgs_generate_messages_lisp
[35m[1mScanning dependencies of target sensor_msgs_generate_messages_lisp[0m
[  0%] Built target sensor_msgs_generate_messages_lisp
[35m[1mScanning dependencies of target std_msgs_generate_messages_eus[0m
[  0%] Built target std_msgs_generate_messages_eus
[35m[1mScanning dependencies of target sensor_msgs_generate_messages_eus[0m
[  0%] Built target sensor_msgs_generate_messages_eus
[35m[1mScanning dependencies of target std_msgs_generate_messages_nodejs[0m
[  0%] Built target std_msgs_generate_messages_nodejs
[35m[1mScanning dependencies of target sensor_msgs_generate_messages_nodejs[0m
[  0%] Built target sensor_msgs_generate_messages_nodejs
[35m[1mScanning dependencies of target dynamixel_interface_generate_messages_cpp[0m
[  3%] [34m[1mGenerating C++ code from dynamixel_interface/DataPorts.msg[0m
[  7%] [34m[1mGenerating C++ code from dynamixel_interface/ServoDiag.msg[0m
[ 11%] [34m[1mGenerating C++ code from dynamixel_interface/DataPort.msg[0m
[ 14%] [34m[1mGenerating C++ code from dynamixel_interface/ServoDiags.msg[0m
[ 14%] Built target dynamixel_interface_generate_messages_cpp
[35m[1mScanning dependencies of target dynamixel_interface_generate_messages_py[0m
[ 18%] [34m[1mGenerating Python from MSG dynamixel_interface/DataPorts[0m
[ 22%] [34m[1mGenerating Python from MSG dynamixel_interface/ServoDiag[0m
[ 25%] [34m[1mGenerating Python from MSG dynamixel_interface/DataPort[0m
[ 29%] [34m[1mGenerating Python from MSG dynamixel_interface/ServoDiags[0m
[ 33%] [34m[1mGenerating Python msg __init__.py for dynamixel_interface[0m
[ 33%] Built target dynamixel_interface_generate_messages_py
[35m[1mScanning dependencies of target dynamixel_interface_generate_messages_lisp[0m
[ 37%] [34m[1mGenerating Lisp code from dynamixel_interface/DataPorts.msg[0m
[ 40%] [34m[1mGenerating Lisp code from dynamixel_interface/ServoDiag.msg[0m
[ 44%] [34m[1mGenerating Lisp code from dynamixel_interface/DataPort.msg[0m
[ 48%] [34m[1mGenerating Lisp code from dynamixel_interface/ServoDiags.msg[0m
[ 48%] Built target dynamixel_interface_generate_messages_lisp
[35m[1mScanning dependencies of target dynamixel_interface_generate_messages_eus[0m
[ 51%] [34m[1mGenerating EusLisp code from dynamixel_interface/DataPorts.msg[0m
[ 55%] [34m[1mGenerating EusLisp code from dynamixel_interface/ServoDiag.msg[0m
[ 59%] [34m[1mGenerating EusLisp code from dynamixel_interface/DataPort.msg[0m
[ 62%] [34m[1mGenerating EusLisp code from dynamixel_interface/ServoDiags.msg[0m
[ 66%] [34m[1mGenerating EusLisp manifest code for dynamixel_interface[0m
[ 66%] Built target dynamixel_interface_generate_messages_eus
[35m[1mScanning dependencies of target dynamixel_interface_generate_messages_nodejs[0m
[ 70%] [34m[1mGenerating Javascript code from dynamixel_interface/DataPorts.msg[0m
[ 74%] [34m[1mGenerating Javascript code from dynamixel_interface/ServoDiag.msg[0m
[ 77%] [34m[1mGenerating Javascript code from dynamixel_interface/DataPort.msg[0m
[ 81%] [34m[1mGenerating Javascript code from dynamixel_interface/ServoDiags.msg[0m
[ 81%] Built target dynamixel_interface_generate_messages_nodejs
[35m[1mScanning dependencies of target dynamixel_interface[0m
[ 85%] [32mBuilding CXX object CMakeFiles/dynamixel_interface.dir/src/dynamixel_interface_controller.cpp.o[0m
[ 88%] [32mBuilding CXX object CMakeFiles/dynamixel_interface.dir/src/dynamixel_interface_driver.cpp.o[0m
[ 92%] [32m[1mLinking CXX shared library /home/tylerjgroome/CaveX/CaveX2023/openshc_ws/devel/.private/dynamixel_interface/lib/libdynamixel_interface.so[0m
[ 92%] Built target dynamixel_interface
[35m[1mScanning dependencies of target dynamixel_interface_generate_messages[0m
[ 92%] Built target dynamixel_interface_generate_messages
[35m[1mScanning dependencies of target dynamixel_interface_controller_node[0m
[ 96%] [32mBuilding CXX object CMakeFiles/dynamixel_interface_controller_node.dir/src/dynamixel_interface_main.cpp.o[0m
[100%] [32m[1mLinking CXX executable /home/tylerjgroome/CaveX/CaveX2023/openshc_ws/devel/.private/dynamixel_interface/lib/dynamixel_interface/dynamixel_interface_controller_node[0m
[100%] Built target dynamixel_interface_controller_node
