Determining if the pthread_create exist failed with the following output:
Change Dir: /home/tylerjgroome/CaveX/CaveX2023/openshc_ws/build/hexapod22/CMakeFiles/CMakeTmp

Run Build Command:"/usr/bin/make" "cmTC_e6873/fast"
/usr/bin/make -f CMakeFiles/cmTC_e6873.dir/build.make CMakeFiles/cmTC_e6873.dir/build
make[1]: Entering directory '/home/tylerjgroome/CaveX/CaveX2023/openshc_ws/build/hexapod22/CMakeFiles/CMakeTmp'
Building C object CMakeFiles/cmTC_e6873.dir/CheckSymbolExists.c.o
/usr/bin/cc    -o CMakeFiles/cmTC_e6873.dir/CheckSymbolExists.c.o   -c /home/tylerjgroome/CaveX/CaveX2023/openshc_ws/build/hexapod22/CMakeFiles/CMakeTmp/CheckSymbolExists.c
Linking C executable cmTC_e6873
/usr/bin/cmake -E cmake_link_script CMakeFiles/cmTC_e6873.dir/link.txt --verbose=1
/usr/bin/cc      -rdynamic CMakeFiles/cmTC_e6873.dir/CheckSymbolExists.c.o  -o cmTC_e6873 
CMakeFiles/cmTC_e6873.dir/CheckSymbolExists.c.o: In function `main':
CheckSymbolExists.c:(.text+0x1b): undefined reference to `pthread_create'
collect2: error: ld returned 1 exit status
CMakeFiles/cmTC_e6873.dir/build.make:97: recipe for target 'cmTC_e6873' failed
make[1]: *** [cmTC_e6873] Error 1
make[1]: Leaving directory '/home/tylerjgroome/CaveX/CaveX2023/openshc_ws/build/hexapod22/CMakeFiles/CMakeTmp'
Makefile:126: recipe for target 'cmTC_e6873/fast' failed
make: *** [cmTC_e6873/fast] Error 2

File /home/tylerjgroome/CaveX/CaveX2023/openshc_ws/build/hexapod22/CMakeFiles/CMakeTmp/CheckSymbolExists.c:
/* */
#include <pthread.h>

int main(int argc, char** argv)
{
  (void)argv;
#ifndef pthread_create
  return ((int*)(&pthread_create))[argc];
#else
  (void)argc;
  return 0;
#endif
}

Determining if the function pthread_create exists in the pthreads failed with the following output:
Change Dir: /home/tylerjgroome/CaveX/CaveX2023/openshc_ws/build/hexapod22/CMakeFiles/CMakeTmp

Run Build Command:"/usr/bin/make" "cmTC_e747d/fast"
/usr/bin/make -f CMakeFiles/cmTC_e747d.dir/build.make CMakeFiles/cmTC_e747d.dir/build
make[1]: Entering directory '/home/tylerjgroome/CaveX/CaveX2023/openshc_ws/build/hexapod22/CMakeFiles/CMakeTmp'
Building C object CMakeFiles/cmTC_e747d.dir/CheckFunctionExists.c.o
/usr/bin/cc   -DCHECK_FUNCTION_EXISTS=pthread_create   -o CMakeFiles/cmTC_e747d.dir/CheckFunctionExists.c.o   -c /usr/share/cmake-3.10/Modules/CheckFunctionExists.c
Linking C executable cmTC_e747d
/usr/bin/cmake -E cmake_link_script CMakeFiles/cmTC_e747d.dir/link.txt --verbose=1
/usr/bin/cc  -DCHECK_FUNCTION_EXISTS=pthread_create    -rdynamic CMakeFiles/cmTC_e747d.dir/CheckFunctionExists.c.o  -o cmTC_e747d -lpthreads 
/usr/bin/ld: cannot find -lpthreads
collect2: error: ld returned 1 exit status
CMakeFiles/cmTC_e747d.dir/build.make:97: recipe for target 'cmTC_e747d' failed
make[1]: *** [cmTC_e747d] Error 1
make[1]: Leaving directory '/home/tylerjgroome/CaveX/CaveX2023/openshc_ws/build/hexapod22/CMakeFiles/CMakeTmp'
Makefile:126: recipe for target 'cmTC_e747d/fast' failed
make: *** [cmTC_e747d/fast] Error 2


