Determining if the pthread_create exist failed with the following output:
Change Dir: /home/tylerjgroome/CaveX/CaveX2023/openshc_ws/build/dynamixel_msgs/CMakeFiles/CMakeTmp

Run Build Command:"/usr/bin/make" "cmTC_d8e42/fast"
/usr/bin/make -f CMakeFiles/cmTC_d8e42.dir/build.make CMakeFiles/cmTC_d8e42.dir/build
make[1]: Entering directory '/home/tylerjgroome/CaveX/CaveX2023/openshc_ws/build/dynamixel_msgs/CMakeFiles/CMakeTmp'
Building C object CMakeFiles/cmTC_d8e42.dir/CheckSymbolExists.c.o
/usr/bin/cc    -o CMakeFiles/cmTC_d8e42.dir/CheckSymbolExists.c.o   -c /home/tylerjgroome/CaveX/CaveX2023/openshc_ws/build/dynamixel_msgs/CMakeFiles/CMakeTmp/CheckSymbolExists.c
Linking C executable cmTC_d8e42
/usr/bin/cmake -E cmake_link_script CMakeFiles/cmTC_d8e42.dir/link.txt --verbose=1
/usr/bin/cc      -rdynamic CMakeFiles/cmTC_d8e42.dir/CheckSymbolExists.c.o  -o cmTC_d8e42 
CMakeFiles/cmTC_d8e42.dir/CheckSymbolExists.c.o: In function `main':
CheckSymbolExists.c:(.text+0x1b): undefined reference to `pthread_create'
collect2: error: ld returned 1 exit status
CMakeFiles/cmTC_d8e42.dir/build.make:97: recipe for target 'cmTC_d8e42' failed
make[1]: *** [cmTC_d8e42] Error 1
make[1]: Leaving directory '/home/tylerjgroome/CaveX/CaveX2023/openshc_ws/build/dynamixel_msgs/CMakeFiles/CMakeTmp'
Makefile:126: recipe for target 'cmTC_d8e42/fast' failed
make: *** [cmTC_d8e42/fast] Error 2

File /home/tylerjgroome/CaveX/CaveX2023/openshc_ws/build/dynamixel_msgs/CMakeFiles/CMakeTmp/CheckSymbolExists.c:
/* */
#include <pthread.h>

int main(int argc, char** argv)
{
  (void)argv;
#ifndef pthread_create
  return ((int*)(&pthread_create))[argc];
#else
  (void)argc;
  return 0;
#endif
}

Determining if the function pthread_create exists in the pthreads failed with the following output:
Change Dir: /home/tylerjgroome/CaveX/CaveX2023/openshc_ws/build/dynamixel_msgs/CMakeFiles/CMakeTmp

Run Build Command:"/usr/bin/make" "cmTC_169d4/fast"
/usr/bin/make -f CMakeFiles/cmTC_169d4.dir/build.make CMakeFiles/cmTC_169d4.dir/build
make[1]: Entering directory '/home/tylerjgroome/CaveX/CaveX2023/openshc_ws/build/dynamixel_msgs/CMakeFiles/CMakeTmp'
Building C object CMakeFiles/cmTC_169d4.dir/CheckFunctionExists.c.o
/usr/bin/cc   -DCHECK_FUNCTION_EXISTS=pthread_create   -o CMakeFiles/cmTC_169d4.dir/CheckFunctionExists.c.o   -c /usr/share/cmake-3.10/Modules/CheckFunctionExists.c
Linking C executable cmTC_169d4
/usr/bin/cmake -E cmake_link_script CMakeFiles/cmTC_169d4.dir/link.txt --verbose=1
/usr/bin/cc  -DCHECK_FUNCTION_EXISTS=pthread_create    -rdynamic CMakeFiles/cmTC_169d4.dir/CheckFunctionExists.c.o  -o cmTC_169d4 -lpthreads 
/usr/bin/ld: cannot find -lpthreads
collect2: error: ld returned 1 exit status
CMakeFiles/cmTC_169d4.dir/build.make:97: recipe for target 'cmTC_169d4' failed
make[1]: *** [cmTC_169d4] Error 1
make[1]: Leaving directory '/home/tylerjgroome/CaveX/CaveX2023/openshc_ws/build/dynamixel_msgs/CMakeFiles/CMakeTmp'
Makefile:126: recipe for target 'cmTC_169d4/fast' failed
make: *** [cmTC_169d4/fast] Error 2


