Determining if the pthread_create exist failed with the following output:
Change Dir: /home/tylerjgroome/CaveX/CaveX2023/openshc_ws/build/dynamixel_controllers/CMakeFiles/CMakeTmp

Run Build Command:"/usr/bin/make" "cmTC_44226/fast"
/usr/bin/make -f CMakeFiles/cmTC_44226.dir/build.make CMakeFiles/cmTC_44226.dir/build
make[1]: Entering directory '/home/tylerjgroome/CaveX/CaveX2023/openshc_ws/build/dynamixel_controllers/CMakeFiles/CMakeTmp'
Building C object CMakeFiles/cmTC_44226.dir/CheckSymbolExists.c.o
/usr/bin/cc    -o CMakeFiles/cmTC_44226.dir/CheckSymbolExists.c.o   -c /home/tylerjgroome/CaveX/CaveX2023/openshc_ws/build/dynamixel_controllers/CMakeFiles/CMakeTmp/CheckSymbolExists.c
Linking C executable cmTC_44226
/usr/bin/cmake -E cmake_link_script CMakeFiles/cmTC_44226.dir/link.txt --verbose=1
/usr/bin/cc      -rdynamic CMakeFiles/cmTC_44226.dir/CheckSymbolExists.c.o  -o cmTC_44226 
CMakeFiles/cmTC_44226.dir/CheckSymbolExists.c.o: In function `main':
CheckSymbolExists.c:(.text+0x1b): undefined reference to `pthread_create'
collect2: error: ld returned 1 exit status
CMakeFiles/cmTC_44226.dir/build.make:97: recipe for target 'cmTC_44226' failed
make[1]: *** [cmTC_44226] Error 1
make[1]: Leaving directory '/home/tylerjgroome/CaveX/CaveX2023/openshc_ws/build/dynamixel_controllers/CMakeFiles/CMakeTmp'
Makefile:126: recipe for target 'cmTC_44226/fast' failed
make: *** [cmTC_44226/fast] Error 2

File /home/tylerjgroome/CaveX/CaveX2023/openshc_ws/build/dynamixel_controllers/CMakeFiles/CMakeTmp/CheckSymbolExists.c:
/* */
#include <pthread.h>

int main(int argc, char** argv)
{
  (void)argv;
#ifndef pthread_create
  return ((int*)(&pthread_create))[argc];
#else
  (void)argc;
  return 0;
#endif
}

Determining if the function pthread_create exists in the pthreads failed with the following output:
Change Dir: /home/tylerjgroome/CaveX/CaveX2023/openshc_ws/build/dynamixel_controllers/CMakeFiles/CMakeTmp

Run Build Command:"/usr/bin/make" "cmTC_3143e/fast"
/usr/bin/make -f CMakeFiles/cmTC_3143e.dir/build.make CMakeFiles/cmTC_3143e.dir/build
make[1]: Entering directory '/home/tylerjgroome/CaveX/CaveX2023/openshc_ws/build/dynamixel_controllers/CMakeFiles/CMakeTmp'
Building C object CMakeFiles/cmTC_3143e.dir/CheckFunctionExists.c.o
/usr/bin/cc   -DCHECK_FUNCTION_EXISTS=pthread_create   -o CMakeFiles/cmTC_3143e.dir/CheckFunctionExists.c.o   -c /usr/share/cmake-3.10/Modules/CheckFunctionExists.c
Linking C executable cmTC_3143e
/usr/bin/cmake -E cmake_link_script CMakeFiles/cmTC_3143e.dir/link.txt --verbose=1
/usr/bin/cc  -DCHECK_FUNCTION_EXISTS=pthread_create    -rdynamic CMakeFiles/cmTC_3143e.dir/CheckFunctionExists.c.o  -o cmTC_3143e -lpthreads 
/usr/bin/ld: cannot find -lpthreads
collect2: error: ld returned 1 exit status
CMakeFiles/cmTC_3143e.dir/build.make:97: recipe for target 'cmTC_3143e' failed
make[1]: *** [cmTC_3143e] Error 1
make[1]: Leaving directory '/home/tylerjgroome/CaveX/CaveX2023/openshc_ws/build/dynamixel_controllers/CMakeFiles/CMakeTmp'
Makefile:126: recipe for target 'cmTC_3143e/fast' failed
make: *** [cmTC_3143e/fast] Error 2


