Symlinking /home/tylerjgroome/CaveX/CaveX2023/openshc_ws/devel/lib/python2.7/dist-packages/syropod_remote/__init__.py
Symlinking /home/tylerjgroome/CaveX/CaveX2023/openshc_ws/devel/lib/python2.7/dist-packages/syropod_remote/msg/_AndroidJoy.py
Symlinking /home/tylerjgroome/CaveX/CaveX2023/openshc_ws/devel/lib/python2.7/dist-packages/syropod_remote/msg/__init__.py
Symlinking /home/tylerjgroome/CaveX/CaveX2023/openshc_ws/devel/lib/python2.7/dist-packages/syropod_remote/msg/_AndroidSensor.py
Symlinking /home/tylerjgroome/CaveX/CaveX2023/openshc_ws/devel/lib/pkgconfig/syropod_remote.pc
Symlinking /home/tylerjgroome/CaveX/CaveX2023/openshc_ws/devel/lib/syropod_remote/syropod_remote
Symlinking /home/tylerjgroome/CaveX/CaveX2023/openshc_ws/devel/include/syropod_remote/AndroidSensor.h
Symlinking /home/tylerjgroome/CaveX/CaveX2023/openshc_ws/devel/include/syropod_remote/AndroidJoy.h
Symlinking /home/tylerjgroome/CaveX/CaveX2023/openshc_ws/devel/share/gennodejs/ros/syropod_remote/_index.js
Symlinking /home/tylerjgroome/CaveX/CaveX2023/openshc_ws/devel/share/gennodejs/ros/syropod_remote/msg/AndroidJoy.js
Symlinking /home/tylerjgroome/CaveX/CaveX2023/openshc_ws/devel/share/gennodejs/ros/syropod_remote/msg/AndroidSensor.js
Symlinking /home/tylerjgroome/CaveX/CaveX2023/openshc_ws/devel/share/gennodejs/ros/syropod_remote/msg/_index.js
Symlinking /home/tylerjgroome/CaveX/CaveX2023/openshc_ws/devel/share/syropod_remote/cmake/syropod_remoteConfig-version.cmake
Symlinking /home/tylerjgroome/CaveX/CaveX2023/openshc_ws/devel/share/syropod_remote/cmake/syropod_remoteConfig.cmake
Symlinking /home/tylerjgroome/CaveX/CaveX2023/openshc_ws/devel/share/syropod_remote/cmake/syropod_remote-msg-extras.cmake
Symlinking /home/tylerjgroome/CaveX/CaveX2023/openshc_ws/devel/share/syropod_remote/cmake/syropod_remote-msg-paths.cmake
Symlinking /home/tylerjgroome/CaveX/CaveX2023/openshc_ws/devel/share/common-lisp/ros/syropod_remote/msg/_package.lisp
Symlinking /home/tylerjgroome/CaveX/CaveX2023/openshc_ws/devel/share/common-lisp/ros/syropod_remote/msg/AndroidJoy.lisp
Symlinking /home/tylerjgroome/CaveX/CaveX2023/openshc_ws/devel/share/common-lisp/ros/syropod_remote/msg/AndroidSensor.lisp
Symlinking /home/tylerjgroome/CaveX/CaveX2023/openshc_ws/devel/share/common-lisp/ros/syropod_remote/msg/_package_AndroidJoy.lisp
Symlinking /home/tylerjgroome/CaveX/CaveX2023/openshc_ws/devel/share/common-lisp/ros/syropod_remote/msg/syropod_remote-msg.asd
Symlinking /home/tylerjgroome/CaveX/CaveX2023/openshc_ws/devel/share/common-lisp/ros/syropod_remote/msg/_package_AndroidSensor.lisp
Symlinking /home/tylerjgroome/CaveX/CaveX2023/openshc_ws/devel/share/roseus/ros/syropod_remote/manifest.l
Symlinking /home/tylerjgroome/CaveX/CaveX2023/openshc_ws/devel/share/roseus/ros/syropod_remote/msg/AndroidSensor.l
Symlinking /home/tylerjgroome/CaveX/CaveX2023/openshc_ws/devel/share/roseus/ros/syropod_remote/msg/AndroidJoy.l
